<?xml version="1.0" encoding="UTF-8"?>
<testsuite name="WalletTest" tests="1" skipped="0" failures="0" errors="0" timestamp="2021-04-01T09:41:54" hostname="LAPTOP-R7BQ02TU" time="0.034">
  <properties/>
  <testcase name="testForWithdrawingCurrencyInDollarsWithSufficientBalance()" classname="WalletTest" time="0.034"/>
  <system-out><![CDATA[]]></system-out>
  <system-err><![CDATA[]]></system-err>
</testsuite>
