<?xml version="1.0" encoding="UTF-8"?>
<testsuite name="WalletTest" tests="1" skipped="0" failures="0" errors="0" timestamp="2021-04-01T10:03:22" hostname="LAPTOP-R7BQ02TU" time="0.035">
  <properties/>
  <testcase name="testForWithdrawingCurrencyInDollarsWithInsufficientBalance()" classname="WalletTest" time="0.035"/>
  <system-out><![CDATA[]]></system-out>
  <system-err><![CDATA[]]></system-err>
</testsuite>
