<?xml version="1.0" encoding="UTF-8"?>
<testsuite name="WalletTest" tests="1" skipped="0" failures="0" errors="0" timestamp="2021-04-01T09:47:02" hostname="LAPTOP-R7BQ02TU" time="0.037">
  <properties/>
  <testcase name="testForWithdrawingCurrencyInRupeesWithSufficientBalance()" classname="WalletTest" time="0.037"/>
  <system-out><![CDATA[]]></system-out>
  <system-err><![CDATA[]]></system-err>
</testsuite>
